Determining if the pthread_create exist failed with the following output:
Change Dir: /home/borabut/workshop2_ws/build/CMakeFiles/CMakeTmp

Run Build Command:/usr/bin/make "cmTryCompileExec3498012786/fast"
/usr/bin/make -f CMakeFiles/cmTryCompileExec3498012786.dir/build.make CMakeFiles/cmTryCompileExec3498012786.dir/build
make[1]: Entering directory `/home/borabut/workshop2_ws/build/CMakeFiles/CMakeTmp'
/usr/bin/cmake -E cmake_progress_report /home/borabut/workshop2_ws/build/CMakeFiles/CMakeTmp/CMakeFiles 1
Building C object CMakeFiles/cmTryCompileExec3498012786.dir/CheckSymbolExists.c.o
/usr/bin/cc    -o CMakeFiles/cmTryCompileExec3498012786.dir/CheckSymbolExists.c.o   -c /home/borabut/workshop2_ws/build/CMakeFiles/CMakeTmp/CheckSymbolExists.c
Linking C executable cmTryCompileExec3498012786
/usr/bin/cmake -E cmake_link_script CMakeFiles/cmTryCompileExec3498012786.dir/link.txt --verbose=1
/usr/bin/cc       CMakeFiles/cmTryCompileExec3498012786.dir/CheckSymbolExists.c.o  -o cmTryCompileExec3498012786 -rdynamic 
CMakeFiles/cmTryCompileExec3498012786.dir/CheckSymbolExists.c.o: In function `main':
CheckSymbolExists.c:(.text+0x16): undefined reference to `pthread_create'
collect2: error: ld returned 1 exit status
make[1]: *** [cmTryCompileExec3498012786] Error 1
make[1]: Leaving directory `/home/borabut/workshop2_ws/build/CMakeFiles/CMakeTmp'
make: *** [cmTryCompileExec3498012786/fast] Error 2

File /home/borabut/workshop2_ws/build/CMakeFiles/CMakeTmp/CheckSymbolExists.c:
/* */
#include <pthread.h>

int main(int argc, char** argv)
{
  (void)argv;
#ifndef pthread_create
  return ((int*)(&pthread_create))[argc];
#else
  (void)argc;
  return 0;
#endif
}

Determining if the function pthread_create exists in the pthreads failed with the following output:
Change Dir: /home/borabut/workshop2_ws/build/CMakeFiles/CMakeTmp

Run Build Command:/usr/bin/make "cmTryCompileExec150340607/fast"
/usr/bin/make -f CMakeFiles/cmTryCompileExec150340607.dir/build.make CMakeFiles/cmTryCompileExec150340607.dir/build
make[1]: Entering directory `/home/borabut/workshop2_ws/build/CMakeFiles/CMakeTmp'
/usr/bin/cmake -E cmake_progress_report /home/borabut/workshop2_ws/build/CMakeFiles/CMakeTmp/CMakeFiles 1
Building C object CMakeFiles/cmTryCompileExec150340607.dir/CheckFunctionExists.c.o
/usr/bin/cc   -DCHECK_FUNCTION_EXISTS=pthread_create   -o CMakeFiles/cmTryCompileExec150340607.dir/CheckFunctionExists.c.o   -c /usr/share/cmake-2.8/Modules/CheckFunctionExists.c
Linking C executable cmTryCompileExec150340607
/usr/bin/cmake -E cmake_link_script CMakeFiles/cmTryCompileExec150340607.dir/link.txt --verbose=1
/usr/bin/cc   -DCHECK_FUNCTION_EXISTS=pthread_create    CMakeFiles/cmTryCompileExec150340607.dir/CheckFunctionExists.c.o  -o cmTryCompileExec150340607 -rdynamic -lpthreads 
/usr/bin/ld: cannot find -lpthreads
collect2: error: ld returned 1 exit status
make[1]: *** [cmTryCompileExec150340607] Error 1
make[1]: Leaving directory `/home/borabut/workshop2_ws/build/CMakeFiles/CMakeTmp'
make: *** [cmTryCompileExec150340607/fast] Error 2


